Determining if the pthread_create exist failed with the following output:
Change Dir: /home/nvidia/catkin_ws/src/core_rover/build/catkin_tools_prebuild/CMakeFiles/CMakeTmp

Run Build Command:"/usr/bin/make" "cmTC_d06fd/fast"
/usr/bin/make -f CMakeFiles/cmTC_d06fd.dir/build.make CMakeFiles/cmTC_d06fd.dir/build
make[1]: Entering directory '/home/nvidia/catkin_ws/src/core_rover/build/catkin_tools_prebuild/CMakeFiles/CMakeTmp'
Building C object CMakeFiles/cmTC_d06fd.dir/CheckSymbolExists.c.o
/usr/bin/cc    -o CMakeFiles/cmTC_d06fd.dir/CheckSymbolExists.c.o   -c /home/nvidia/catkin_ws/src/core_rover/build/catkin_tools_prebuild/CMakeFiles/CMakeTmp/CheckSymbolExists.c
Linking C executable cmTC_d06fd
/usr/local/bin/cmake -E cmake_link_script CMakeFiles/cmTC_d06fd.dir/link.txt --verbose=1
/usr/bin/cc      -rdynamic CMakeFiles/cmTC_d06fd.dir/CheckSymbolExists.c.o  -o cmTC_d06fd 
CMakeFiles/cmTC_d06fd.dir/CheckSymbolExists.c.o: In function `main':
CheckSymbolExists.c:(.text+0x14): undefined reference to `pthread_create'
CheckSymbolExists.c:(.text+0x18): undefined reference to `pthread_create'
collect2: error: ld returned 1 exit status
CMakeFiles/cmTC_d06fd.dir/build.make:86: recipe for target 'cmTC_d06fd' failed
make[1]: *** [cmTC_d06fd] Error 1
make[1]: Leaving directory '/home/nvidia/catkin_ws/src/core_rover/build/catkin_tools_prebuild/CMakeFiles/CMakeTmp'
Makefile:121: recipe for target 'cmTC_d06fd/fast' failed
make: *** [cmTC_d06fd/fast] Error 2

File /home/nvidia/catkin_ws/src/core_rover/build/catkin_tools_prebuild/CMakeFiles/CMakeTmp/CheckSymbolExists.c:
/* */
#include <pthread.h>

int main(int argc, char** argv)
{
  (void)argv;
#ifndef pthread_create
  return ((int*)(&pthread_create))[argc];
#else
  (void)argc;
  return 0;
#endif
}

Determining if the function pthread_create exists in the pthreads failed with the following output:
Change Dir: /home/nvidia/catkin_ws/src/core_rover/build/catkin_tools_prebuild/CMakeFiles/CMakeTmp

Run Build Command:"/usr/bin/make" "cmTC_3c1c5/fast"
/usr/bin/make -f CMakeFiles/cmTC_3c1c5.dir/build.make CMakeFiles/cmTC_3c1c5.dir/build
make[1]: Entering directory '/home/nvidia/catkin_ws/src/core_rover/build/catkin_tools_prebuild/CMakeFiles/CMakeTmp'
Building C object CMakeFiles/cmTC_3c1c5.dir/CheckFunctionExists.c.o
/usr/bin/cc   -DCHECK_FUNCTION_EXISTS=pthread_create   -o CMakeFiles/cmTC_3c1c5.dir/CheckFunctionExists.c.o   -c /usr/local/share/cmake-3.13/Modules/CheckFunctionExists.c
Linking C executable cmTC_3c1c5
/usr/local/bin/cmake -E cmake_link_script CMakeFiles/cmTC_3c1c5.dir/link.txt --verbose=1
/usr/bin/cc  -DCHECK_FUNCTION_EXISTS=pthread_create    -rdynamic CMakeFiles/cmTC_3c1c5.dir/CheckFunctionExists.c.o  -o cmTC_3c1c5 -lpthreads 
/usr/bin/ld: cannot find -lpthreads
collect2: error: ld returned 1 exit status
CMakeFiles/cmTC_3c1c5.dir/build.make:86: recipe for target 'cmTC_3c1c5' failed
make[1]: *** [cmTC_3c1c5] Error 1
make[1]: Leaving directory '/home/nvidia/catkin_ws/src/core_rover/build/catkin_tools_prebuild/CMakeFiles/CMakeTmp'
Makefile:121: recipe for target 'cmTC_3c1c5/fast' failed
make: *** [cmTC_3c1c5/fast] Error 2


